Using pre-set license
Built from '2020.3/staging' branch; Version is '2020.3.11f1 (99c7afb366b3) revision 10078127'; Using compiler version '192528614'; Build Type 'Release'
OS: 'Windows 10 Education; OS build 18363.1621; Version 1909; 64bit' Language: 'de' Physical Memory: 8143 MB
BatchMode: 1, IsHumanControllingUs: 0, StartBugReporterOnCrash: 0, Is64bit: 1, IsPro: 0

 COMMAND LINE ARGUMENTS:
C:\Program Files\Unity\Hub\Editor\2020.3.11f1\Editor\Unity.exe
-adb2
-batchMode
-noUpm
-name
AssetImportWorker3
-projectPath
G:/MomentRecorder/Moment Recorder
-logFile
Logs/AssetImportWorker3.log
-srvPort
55991
Successfully changed project path to: G:/MomentRecorder/Moment Recorder
G:/MomentRecorder/Moment Recorder
Using Asset Import Pipeline V2.
Refreshing native plugins compatible for Editor in 177.68 ms, found 6 plugins.
Preloading 1 native plugins for Editor in 1.22 ms.
Initialize engine version: 2020.3.11f1 (99c7afb366b3)
[Subsystems] Discovering subsystems at path C:/Program Files/Unity/Hub/Editor/2020.3.11f1/Editor/Data/Resources/UnitySubsystems
[Subsystems] Discovering subsystems at path G:/MomentRecorder/Moment Recorder/Assets
GfxDevice: creating device client; threaded=0
Direct3D:
    Version:  Direct3D 11.0 [level 11.1]
    Renderer: Microsoft Basic Render Driver (ID=0x8c)
    Vendor:   
    VRAM:     4071 MB
Shader 'Oculus/OVRMRCameraFrameLit': fallback shader 'Alpha-Diffuse' not found
Initialize mono
Mono path[0] = 'C:/Program Files/Unity/Hub/Editor/2020.3.11f1/Editor/Data/Managed'
Mono path[1] = 'C:/Program Files/Unity/Hub/Editor/2020.3.11f1/Editor/Data/MonoBleedingEdge/lib/mono/unityjit'
Mono config path = 'C:/Program Files/Unity/Hub/Editor/2020.3.11f1/Editor/Data/MonoBleedingEdge/etc'
Using monoOptions --debugger-agent=transport=dt_socket,embedding=1,server=y,suspend=n,address=127.0.0.1:56544
Begin MonoManager ReloadAssembly
Registering precompiled unity dll's ...
Register platform support module: C:/Program Files/Unity/Hub/Editor/2020.3.11f1/Editor/Data/PlaybackEngines/WindowsStandaloneSupport/UnityEditor.WindowsStandalone.Extensions.dll
Registered in 0.002917 seconds.
Native extension for WindowsStandalone target not found
Refreshing native plugins compatible for Editor in 186.57 ms, found 6 plugins.
Preloading 1 native plugins for Editor in 0.07 ms.
Mono: successfully reloaded assembly
- Completed reload, in  3.279 seconds
Platform modules already initialized, skipping
Registering precompiled user dll's ...
Registered in 0.007624 seconds.
Begin MonoManager ReloadAssembly
Native extension for WindowsStandalone target not found
Refreshing native plugins compatible for Editor in 181.26 ms, found 6 plugins.
Preloading 1 native plugins for Editor in 0.07 ms.
[XR] OculusXRPlugin: registering subsystems
[XR] Unable to register display lifecyle provider: [1]
[XR] Oculus Input lifecycle provider registered.
[XR] Unable to register input lifecyle provider: [1]
[XR] OVRP version 1.61.0
Mono: successfully reloaded assembly
- Completed reload, in  4.388 seconds
Platform modules already initialized, skipping
========================================================================
Worker process is ready to serve import requests
Shader 'Oculus/OVRMRCameraFrameLit': fallback shader 'Alpha-Diffuse' not found
Launched and connected shader compiler UnityShaderCompiler.exe after 0.26 seconds
Refreshing native plugins compatible for Editor in 1.60 ms, found 6 plugins.
Preloading 1 native plugins for Editor in 0.07 ms.
Unloading 4088 Unused Serialized files (Serialized files now loaded: 0)
System memory in use before: 182.2 MB.
System memory in use after: 181.9 MB.

Unloading 46 unused Assets to reduce memory usage. Loaded Objects now: 4511.
Total: 5.854800 ms (FindLiveObjects: 0.849200 ms CreateObjectMapping: 0.489700 ms MarkObjects: 3.910000 ms  DeleteObjects: 0.603800 ms)

========================================================================
Received Import Request.
  path: Assets/Scenes/RedScene.unity
  artifactKey: Guid(0bce5907d797a4cd8b0660dc119867e8) Importer(815301076,1909f56bfc062723c751e8b465ee728b)
Start importing Assets/Scenes/RedScene.unity using Guid(0bce5907d797a4cd8b0660dc119867e8) Importer(815301076,1909f56bfc062723c751e8b465ee728b)  -> (artifact id: '7640331e24803823139fdbdd5a3b0c83') in 0.225836 seconds
  Import took 0.240723 seconds .

========================================================================
Received Import Request.
  Time since last request: 0.000338 seconds.
  path: Assets/Scenes
  artifactKey: Guid(f4bc99d9099211c49904cb47aadf5eec) Importer(815301076,1909f56bfc062723c751e8b465ee728b)
Start importing Assets/Scenes using Guid(f4bc99d9099211c49904cb47aadf5eec) Importer(815301076,1909f56bfc062723c751e8b465ee728b)  -> (artifact id: 'fe3d905e21cdfc0cf5eb6037c32bf66e') in 0.010879 seconds
  Import took 0.040955 seconds .

========================================================================
Received Import Request.
  Time since last request: 5311.711881 seconds.
  path: Assets/ExternAssets/_Barking_Dog/3D Free Modular Kit/_Prefabs/Fan_01.prefab
  artifactKey: Guid(45b9a5b6a96ed4d0699b4faff594d8c4) Importer(815301076,1909f56bfc062723c751e8b465ee728b)
Start importing Assets/ExternAssets/_Barking_Dog/3D Free Modular Kit/_Prefabs/Fan_01.prefab using Guid(45b9a5b6a96ed4d0699b4faff594d8c4) Importer(815301076,1909f56bfc062723c751e8b465ee728b)  -> (artifact id: '8aa76c53e0d3c67ad216f06256c7a3da') in 3.086022 seconds
  Import took 3.096282 seconds .

========================================================================
Received Import Request.
  Time since last request: 1.181166 seconds.
  path: Assets/ExternAssets/_Barking_Dog/3D Free Modular Kit/_Prefabs/Roof_01.prefab
  artifactKey: Guid(1a5e2f40365fe44ada271dd97ea7506f) Importer(815301076,1909f56bfc062723c751e8b465ee728b)
Start importing Assets/ExternAssets/_Barking_Dog/3D Free Modular Kit/_Prefabs/Roof_01.prefab using Guid(1a5e2f40365fe44ada271dd97ea7506f) Importer(815301076,1909f56bfc062723c751e8b465ee728b)  -> (artifact id: '19b51d8a33e1944ed3a55cabfdf3966b') in 1.987026 seconds
  Import took 2.144727 seconds .

========================================================================
Received Import Request.
  Time since last request: 6.500913 seconds.
  path: Assets/ExternAssets/_Barking_Dog/3D Free Modular Kit/_Prefabs/Roof_Angle_01.prefab
  artifactKey: Guid(c27c7521daec24863af069554ea1fb47) Importer(815301076,1909f56bfc062723c751e8b465ee728b)
Start importing Assets/ExternAssets/_Barking_Dog/3D Free Modular Kit/_Prefabs/Roof_Angle_01.prefab using Guid(c27c7521daec24863af069554ea1fb47) Importer(815301076,1909f56bfc062723c751e8b465ee728b)  -> (artifact id: 'a36ad49069e5f567cd33d3913ae00023') in 4.124691 seconds
  Import took 4.295184 seconds .

========================================================================
Received Import Request.
  Time since last request: 15.487898 seconds.
  path: Assets/ExternAssets/_Barking_Dog/3D Free Modular Kit/_Prefabs/Wall_HalfArc_90_02.prefab
  artifactKey: Guid(618681761d79b4f72b0746a3dcd4bff1) Importer(815301076,1909f56bfc062723c751e8b465ee728b)
Start importing Assets/ExternAssets/_Barking_Dog/3D Free Modular Kit/_Prefabs/Wall_HalfArc_90_02.prefab using Guid(618681761d79b4f72b0746a3dcd4bff1) Importer(815301076,1909f56bfc062723c751e8b465ee728b)  -> (artifact id: 'fd964e573795f78178540e452d01916a') in 11.421738 seconds
  Import took 11.622366 seconds .

========================================================================
Received Import Request.
  Time since last request: 23.421008 seconds.
  path: Assets/ExternAssets/FurnishedCabin/Prefabs/PFB_Basket.prefab
  artifactKey: Guid(16cf0b07a33e1b64783881738c2af316) Importer(815301076,1909f56bfc062723c751e8b465ee728b)
Start importing Assets/ExternAssets/FurnishedCabin/Prefabs/PFB_Basket.prefab using Guid(16cf0b07a33e1b64783881738c2af316) Importer(815301076,1909f56bfc062723c751e8b465ee728b)  -> (artifact id: '66de431a4013d8774b15a6053a51144c') in 3.219455 seconds
  Import took 3.233596 seconds .

========================================================================
Received Import Request.
  Time since last request: 0.000436 seconds.
  path: Assets/ExternAssets/FurnishedCabin/Prefabs/PFB_BedroomSofa.prefab
  artifactKey: Guid(6bc723721c741354c88f65e65b476d16) Importer(815301076,1909f56bfc062723c751e8b465ee728b)
Start importing Assets/ExternAssets/FurnishedCabin/Prefabs/PFB_BedroomSofa.prefab using Guid(6bc723721c741354c88f65e65b476d16) Importer(815301076,1909f56bfc062723c751e8b465ee728b)  -> (artifact id: '2f0a14c28c320ed67e552279128c6d24') in 3.152887 seconds
  Import took 3.163339 seconds .

========================================================================
Received Import Request.
  Time since last request: 0.000360 seconds.
  path: Assets/ExternAssets/FurnishedCabin/Prefabs/PFB_Building_Full.prefab
  artifactKey: Guid(23d25b2e2d4364dd4b92c52ef40cd36e) Importer(815301076,1909f56bfc062723c751e8b465ee728b)
Start importing Assets/ExternAssets/FurnishedCabin/Prefabs/PFB_Building_Full.prefab using Guid(23d25b2e2d4364dd4b92c52ef40cd36e) Importer(815301076,1909f56bfc062723c751e8b465ee728b)  -> (artifact id: 'cd3eea2cc7e6aeffff39341fb507b94e') in 97.142340 seconds
  Import took 97.184280 seconds .

AssetImportWorkerClient::OnTransportError - code=2 error=End of file
